CMD:"D:\uv\advarc2\cbp2025\cbp.exe" "D:\uv\advarc2\data\branch\int\int_6_trace.gz"
5000000 instrs 
10000000 instrs 
15000000 instrs 
20000000 instrs 
25000000 instrs 
30000000 instrs 
EOF
WINDOW_SIZE = 1024
FETCH_WIDTH = 16
FETCH_NUM_BRANCH = 16
FETCH_STOP_AT_INDIRECT = 1
FETCH_STOP_AT_TAKEN = 1
FETCH_MODEL_ICACHE = 1
PERFECT_BRANCH_PRED = 0
PERFECT_INDIRECT_PRED = 1
PIPELINE_FILL_LATENCY = 10
NUM_LDST_LANES = 8
NUM_ALU_LANES = 16
MEMORY HIERARCHY CONFIGURATION---------------------
STRIDE Prefetcher = 1
PERFECT_CACHE = 0
WRITE_ALLOCATE = 1
Within-pipeline factors:
	AGEN latency = 1 cycle
	Store Queue (SQ): SQ size = window size, oracle memory disambiguation, store-load forwarding = 1 cycle after store's or load's agen.
	* Note: A store searches the L1$ at commit. The store is released
	* from the SQ and window, whether it hits or misses. Store misses
	* are buffered until the block is allocated and the store is
	* performed in the L1$. While buffered, conflicting loads get
	* the store's data as they would from the SQ.
I$: 128 KB, 8-way set-assoc., 64B block size
L1$: 128 KB, 8-way set-assoc., 64B block size, 3-cycle search latency
L2$: 4 MB, 8-way set-assoc., 64B block size, 12-cycle search latency
L3$: 32 MB, 16-way set-assoc., 128B block size, 50-cycle search latency
Main Memory: 150-cycle fixed search time
---------------------------STORE QUEUE MEASUREMENTS (Full Simulation i.e. Counts Not Reset When Warmup Ends)---------------------------
Number of loads: 5864835
Number of loads that miss in SQ: 5187415 (88.45%)
Number of PFs issued to the memory system 1991838
---------------------------------------------------------------------------------------------------------------------------------------
------------------------MEMORY HIERARCHY MEASUREMENTS (Full Simulation i.e. Counts Not Reset When Warmup Ends)-------------------------
I$:
	accesses   = 41786208
	misses     = 156
	miss ratio = 0.00%
	pf accesses   = 0
	pf misses     = 0
	pf miss ratio = nan%
L1$:
	accesses   = 8638640
	misses     = 85859
	miss ratio = 0.99%
	pf accesses   = 1991838
	pf misses     = 24916
	pf miss ratio = 1.25%
L2$:
	accesses   = 86015
	misses     = 57765
	miss ratio = 67.16%
	pf accesses   = 24916
	pf misses     = 4475
	pf miss ratio = 17.96%
L3$:
	accesses   = 57765
	misses     = 28930
	miss ratio = 50.08%
	pf accesses   = 4475
	pf misses     = 2227
	pf miss ratio = 49.77%
---------------------------------------------------------------------------------------------------------------------------------------
----------------------------------------------Prefetcher (Full Simulation i.e. No Warmup)----------------------------------------------
Num Trainings :5864835
Num Prefetches generated :2004857
Num Prefetches issued :6602607
Num Prefetches filtered by PF queue :351921
Num untimely prefetches dropped from PF queue :13019
Num prefetches not issued LDST contention :4610769
Num prefetches not issued stride 0 :941856
---------------------------------------------------------------------------------------------------------------------------------------

-------------------------------ILP LIMIT STUDY (Full Simulation i.e. Counts Not Reset When Warmup Ends)--------------------------------
instructions = 30000052
cycles       = 7791649
CycWP        = 4120712
IPC          = 3.8503

---------------------------------------------------------------------------------------------------------------------------------------

-----------------------------------------------BRANCH PREDICTION MEASUREMENTS (Full Simulation i.e. Counts Not Reset When Warmup Ends)----------------------------------------------
Type                   NumBr     MispBr        mr     mpki
CondDirect          3119970      98175   3.1467%   3.2725
JumpDirect           555359          0   0.0000%   0.0000
JumpIndirect          40056          0   0.0000%   0.0000
JumpReturn            78051          0   0.0000%   0.0000
Not control        37992772          0   0.0000%   0.0000
------------------------------------------------------------------------------------------------------------------------------------------------------------------------------------

------------------------------------------------------DIRECT CONDITIONAL BRANCH PREDICTION MEASUREMENTS (Last 10M instructions)-----------------------------------------------------
       Instr       Cycles      IPC      NumBr     MispBr BrPerCyc MispBrPerCyc        MR     MPKI      CycWP   CycWPAvg   CycWPPKI
    10000052      2557342   3.9103    1041005      31985   0.4071       0.0125   3.0725%   3.1985    1356978    42.4254   135.6971
------------------------------------------------------------------------------------------------------------------------------------------------------------------------------------

------------------------------------------------------DIRECT CONDITIONAL BRANCH PREDICTION MEASUREMENTS (Last 25M instructions)-----------------------------------------------------
       Instr       Cycles      IPC      NumBr     MispBr BrPerCyc MispBrPerCyc        MR     MPKI      CycWP   CycWPAvg   CycWPPKI
    25000052      6420727   3.8936    2603211      80930   0.4054       0.0126   3.1089%   3.2372    3411420    42.1527   136.4565
-------------------------------------------------------------------------------------------------------------------------------------------------------------------------------------

---------------------------------------------------------DIRECT CONDITIONAL BRANCH PREDICTION MEASUREMENTS (50 Perc instructions)---------------------------------------------------
       Instr       Cycles      IPC      NumBr     MispBr BrPerCyc MispBrPerCyc        MR     MPKI      CycWP   CycWPAvg   CycWPPKI
    15000052      3845791   3.9004    1567043      48049   0.4075       0.0125   3.0662%   3.2033    2042380    42.5062   136.1582
------------------------------------------------------------------------------------------------------------------------------------------------------------------------------------

-------------------------------------DIRECT CONDITIONAL BRANCH PREDICTION MEASUREMENTS (Full Simulation i.e. Counts Not Reset When Warmup Ends)-------------------------------------
       Instr       Cycles      IPC      NumBr     MispBr BrPerCyc MispBrPerCyc        MR     MPKI      CycWP   CycWPAvg   CycWPPKI
    30000052      7791649   3.8503    3119970      98175   0.4004       0.0126   3.1467%   3.2725    4120712    41.9731   137.3568
------------------------------------------------------------------------------------------------------------------------------------------------------------------------------------
 Read 30000052 instrs 

ExecTime = 192.1475749015808
