CMD:"D:\uv\advarc2\cbp2025\cbp.exe" "D:\uv\advarc2\data\branch\int\int_7_trace.gz"
5000000 instrs 
10000000 instrs 
15000000 instrs 
20000000 instrs 
25000000 instrs 
30000000 instrs 
35000000 instrs 
40000000 instrs 
EOF
WINDOW_SIZE = 1024
FETCH_WIDTH = 16
FETCH_NUM_BRANCH = 16
FETCH_STOP_AT_INDIRECT = 1
FETCH_STOP_AT_TAKEN = 1
FETCH_MODEL_ICACHE = 1
PERFECT_BRANCH_PRED = 0
PERFECT_INDIRECT_PRED = 1
PIPELINE_FILL_LATENCY = 10
NUM_LDST_LANES = 8
NUM_ALU_LANES = 16
MEMORY HIERARCHY CONFIGURATION---------------------
STRIDE Prefetcher = 1
PERFECT_CACHE = 0
WRITE_ALLOCATE = 1
Within-pipeline factors:
	AGEN latency = 1 cycle
	Store Queue (SQ): SQ size = window size, oracle memory disambiguation, store-load forwarding = 1 cycle after store's or load's agen.
	* Note: A store searches the L1$ at commit. The store is released
	* from the SQ and window, whether it hits or misses. Store misses
	* are buffered until the block is allocated and the store is
	* performed in the L1$. While buffered, conflicting loads get
	* the store's data as they would from the SQ.
I$: 128 KB, 8-way set-assoc., 64B block size
L1$: 128 KB, 8-way set-assoc., 64B block size, 3-cycle search latency
L2$: 4 MB, 8-way set-assoc., 64B block size, 12-cycle search latency
L3$: 32 MB, 16-way set-assoc., 128B block size, 50-cycle search latency
Main Memory: 150-cycle fixed search time
---------------------------STORE QUEUE MEASUREMENTS (Full Simulation i.e. Counts Not Reset When Warmup Ends)---------------------------
Number of loads: 11765054
Number of loads that miss in SQ: 9425633 (80.12%)
Number of PFs issued to the memory system 1081934
---------------------------------------------------------------------------------------------------------------------------------------
------------------------MEMORY HIERARCHY MEASUREMENTS (Full Simulation i.e. Counts Not Reset When Warmup Ends)-------------------------
I$:
	accesses   = 45778173
	misses     = 173851
	miss ratio = 0.38%
	pf accesses   = 0
	pf misses     = 0
	pf miss ratio = nan%
L1$:
	accesses   = 17953537
	misses     = 95066
	miss ratio = 0.53%
	pf accesses   = 1081934
	pf misses     = 16908
	pf miss ratio = 1.56%
L2$:
	accesses   = 268917
	misses     = 32076
	miss ratio = 11.93%
	pf accesses   = 16908
	pf misses     = 2426
	pf miss ratio = 14.35%
L3$:
	accesses   = 32076
	misses     = 18417
	miss ratio = 57.42%
	pf accesses   = 2426
	pf misses     = 1317
	pf miss ratio = 54.29%
---------------------------------------------------------------------------------------------------------------------------------------
----------------------------------------------Prefetcher (Full Simulation i.e. No Warmup)----------------------------------------------
Num Trainings :11765054
Num Prefetches generated :1084565
Num Prefetches issued :1666747
Num Prefetches filtered by PF queue :28558
Num untimely prefetches dropped from PF queue :2631
Num prefetches not issued LDST contention :584813
Num prefetches not issued stride 0 :2663696
---------------------------------------------------------------------------------------------------------------------------------------

-------------------------------ILP LIMIT STUDY (Full Simulation i.e. Counts Not Reset When Warmup Ends)--------------------------------
instructions = 40000048
cycles       = 15251976
CycWP        = 5858535
IPC          = 2.6226

---------------------------------------------------------------------------------------------------------------------------------------

-----------------------------------------------BRANCH PREDICTION MEASUREMENTS (Full Simulation i.e. Counts Not Reset When Warmup Ends)----------------------------------------------
Type                   NumBr     MispBr        mr     mpki
CondDirect          5944145     253573   4.2659%   6.3393
JumpDirect          1306666          0   0.0000%   0.0000
JumpIndirect         187434          0   0.0000%   0.0000
JumpReturn           730341          0   0.0000%   0.0000
Not control        37609587          0   0.0000%   0.0000
------------------------------------------------------------------------------------------------------------------------------------------------------------------------------------

------------------------------------------------------DIRECT CONDITIONAL BRANCH PREDICTION MEASUREMENTS (Last 10M instructions)-----------------------------------------------------
       Instr       Cycles      IPC      NumBr     MispBr BrPerCyc MispBrPerCyc        MR     MPKI      CycWP   CycWPAvg   CycWPPKI
    10000048      3344561   2.9899    1519822      58198   0.4544       0.0174   3.8293%   5.8198    1283743    22.0582   128.3737
------------------------------------------------------------------------------------------------------------------------------------------------------------------------------------

------------------------------------------------------DIRECT CONDITIONAL BRANCH PREDICTION MEASUREMENTS (Last 25M instructions)-----------------------------------------------------
       Instr       Cycles      IPC      NumBr     MispBr BrPerCyc MispBrPerCyc        MR     MPKI      CycWP   CycWPAvg   CycWPPKI
    25000048      7998451   3.1256    3838854     149962   0.4799       0.0187   3.9064%   5.9985    3419295    22.8011   136.7715
-------------------------------------------------------------------------------------------------------------------------------------------------------------------------------------

---------------------------------------------------------DIRECT CONDITIONAL BRANCH PREDICTION MEASUREMENTS (50 Perc instructions)---------------------------------------------------
       Instr       Cycles      IPC      NumBr     MispBr BrPerCyc MispBrPerCyc        MR     MPKI      CycWP   CycWPAvg   CycWPPKI
    20000048      6544391   3.0561    3000751     120482   0.4585       0.0184   4.0151%   6.0241    2710166    22.4944   135.5080
------------------------------------------------------------------------------------------------------------------------------------------------------------------------------------

-------------------------------------DIRECT CONDITIONAL BRANCH PREDICTION MEASUREMENTS (Full Simulation i.e. Counts Not Reset When Warmup Ends)-------------------------------------
       Instr       Cycles      IPC      NumBr     MispBr BrPerCyc MispBrPerCyc        MR     MPKI      CycWP   CycWPAvg   CycWPPKI
    40000048     15251976   2.6226    5944145     253573   0.3897       0.0166   4.2659%   6.3393    5858535    23.1039   146.4632
------------------------------------------------------------------------------------------------------------------------------------------------------------------------------------
 Read 40000048 instrs 

ExecTime = 229.7909116744995
