CMD:"D:\uv\advarc2\cbp2025\cbp.exe" "D:\uv\advarc2\data\branch\web\web_20_trace.gz"
5000000 instrs 
10000000 instrs 
15000000 instrs 
20000000 instrs 
EOF
WINDOW_SIZE = 1024
FETCH_WIDTH = 16
FETCH_NUM_BRANCH = 16
FETCH_STOP_AT_INDIRECT = 1
FETCH_STOP_AT_TAKEN = 1
FETCH_MODEL_ICACHE = 1
PERFECT_BRANCH_PRED = 0
PERFECT_INDIRECT_PRED = 1
PIPELINE_FILL_LATENCY = 10
NUM_LDST_LANES = 8
NUM_ALU_LANES = 16
MEMORY HIERARCHY CONFIGURATION---------------------
STRIDE Prefetcher = 1
PERFECT_CACHE = 0
WRITE_ALLOCATE = 1
Within-pipeline factors:
	AGEN latency = 1 cycle
	Store Queue (SQ): SQ size = window size, oracle memory disambiguation, store-load forwarding = 1 cycle after store's or load's agen.
	* Note: A store searches the L1$ at commit. The store is released
	* from the SQ and window, whether it hits or misses. Store misses
	* are buffered until the block is allocated and the store is
	* performed in the L1$. While buffered, conflicting loads get
	* the store's data as they would from the SQ.
I$: 128 KB, 8-way set-assoc., 64B block size
L1$: 128 KB, 8-way set-assoc., 64B block size, 3-cycle search latency
L2$: 4 MB, 8-way set-assoc., 64B block size, 12-cycle search latency
L3$: 32 MB, 16-way set-assoc., 128B block size, 50-cycle search latency
Main Memory: 150-cycle fixed search time
---------------------------STORE QUEUE MEASUREMENTS (Full Simulation i.e. Counts Not Reset When Warmup Ends)---------------------------
Number of loads: 5290864
Number of loads that miss in SQ: 4586027 (86.68%)
Number of PFs issued to the memory system 188495
---------------------------------------------------------------------------------------------------------------------------------------
------------------------MEMORY HIERARCHY MEASUREMENTS (Full Simulation i.e. Counts Not Reset When Warmup Ends)-------------------------
I$:
	accesses   = 21915752
	misses     = 279179
	miss ratio = 1.27%
	pf accesses   = 0
	pf misses     = 0
	pf miss ratio = nan%
L1$:
	accesses   = 7991231
	misses     = 171492
	miss ratio = 2.15%
	pf accesses   = 188495
	pf misses     = 3986
	pf miss ratio = 2.11%
L2$:
	accesses   = 450671
	misses     = 50121
	miss ratio = 11.12%
	pf accesses   = 3986
	pf misses     = 1327
	pf miss ratio = 33.29%
L3$:
	accesses   = 50121
	misses     = 28077
	miss ratio = 56.02%
	pf accesses   = 1327
	pf misses     = 763
	pf miss ratio = 57.50%
---------------------------------------------------------------------------------------------------------------------------------------
----------------------------------------------Prefetcher (Full Simulation i.e. No Warmup)----------------------------------------------
Num Trainings :5290864
Num Prefetches generated :189758
Num Prefetches issued :364026
Num Prefetches filtered by PF queue :4974
Num untimely prefetches dropped from PF queue :1263
Num prefetches not issued LDST contention :175531
Num prefetches not issued stride 0 :920207
---------------------------------------------------------------------------------------------------------------------------------------

-------------------------------ILP LIMIT STUDY (Full Simulation i.e. Counts Not Reset When Warmup Ends)--------------------------------
instructions = 20000004
cycles       = 11301391
CycWP        = 3117288
IPC          = 1.7697

---------------------------------------------------------------------------------------------------------------------------------------

-----------------------------------------------BRANCH PREDICTION MEASUREMENTS (Full Simulation i.e. Counts Not Reset When Warmup Ends)----------------------------------------------
Type                   NumBr     MispBr        mr     mpki
CondDirect          3186911     115783   3.6331%   5.7891
JumpDirect           438678          0   0.0000%   0.0000
JumpIndirect         165799          0   0.0000%   0.0000
JumpReturn           242119          0   0.0000%   0.0000
Not control        17882245          0   0.0000%   0.0000
------------------------------------------------------------------------------------------------------------------------------------------------------------------------------------

------------------------------------------------------DIRECT CONDITIONAL BRANCH PREDICTION MEASUREMENTS (Last 10M instructions)-----------------------------------------------------
       Instr       Cycles      IPC      NumBr     MispBr BrPerCyc MispBrPerCyc        MR     MPKI      CycWP   CycWPAvg   CycWPPKI
    10000004      3977850   2.5139    1586755      29859   0.3989       0.0075   1.8818%   2.9859     827404    27.7104    82.7404
------------------------------------------------------------------------------------------------------------------------------------------------------------------------------------

------------------------------------------------------DIRECT CONDITIONAL BRANCH PREDICTION MEASUREMENTS (Last 25M instructions)-----------------------------------------------------
       Instr       Cycles      IPC      NumBr     MispBr BrPerCyc MispBrPerCyc        MR     MPKI      CycWP   CycWPAvg   CycWPPKI
    20000004     11301391   1.7697    3186911     115783   0.2820       0.0102   3.6331%   5.7891    3117288    26.9235   155.8644
-------------------------------------------------------------------------------------------------------------------------------------------------------------------------------------

---------------------------------------------------------DIRECT CONDITIONAL BRANCH PREDICTION MEASUREMENTS (50 Perc instructions)---------------------------------------------------
       Instr       Cycles      IPC      NumBr     MispBr BrPerCyc MispBrPerCyc        MR     MPKI      CycWP   CycWPAvg   CycWPPKI
    10000004      3977850   2.5139    1586755      29859   0.3989       0.0075   1.8818%   2.9859     827404    27.7104    82.7404
------------------------------------------------------------------------------------------------------------------------------------------------------------------------------------

-------------------------------------DIRECT CONDITIONAL BRANCH PREDICTION MEASUREMENTS (Full Simulation i.e. Counts Not Reset When Warmup Ends)-------------------------------------
       Instr       Cycles      IPC      NumBr     MispBr BrPerCyc MispBrPerCyc        MR     MPKI      CycWP   CycWPAvg   CycWPPKI
    20000004     11301391   1.7697    3186911     115783   0.2820       0.0102   3.6331%   5.7891    3117288    26.9235   155.8644
------------------------------------------------------------------------------------------------------------------------------------------------------------------------------------
 Read 20000004 instrs 

ExecTime = 109.62449908256531
