CMD:"D:\uv\advarc2\cbp2025\cbp.exe" "D:\uv\advarc2\data\branch\int\int_20_trace.gz"
5000000 instrs 
10000000 instrs 
15000000 instrs 
20000000 instrs 
25000000 instrs 
30000000 instrs 
35000000 instrs 
40000000 instrs 
45000000 instrs 
50000000 instrs 
55000000 instrs 
60000000 instrs 
EOF
WINDOW_SIZE = 1024
FETCH_WIDTH = 16
FETCH_NUM_BRANCH = 16
FETCH_STOP_AT_INDIRECT = 1
FETCH_STOP_AT_TAKEN = 1
FETCH_MODEL_ICACHE = 1
PERFECT_BRANCH_PRED = 0
PERFECT_INDIRECT_PRED = 1
PIPELINE_FILL_LATENCY = 10
NUM_LDST_LANES = 8
NUM_ALU_LANES = 16
MEMORY HIERARCHY CONFIGURATION---------------------
STRIDE Prefetcher = 1
PERFECT_CACHE = 0
WRITE_ALLOCATE = 1
Within-pipeline factors:
	AGEN latency = 1 cycle
	Store Queue (SQ): SQ size = window size, oracle memory disambiguation, store-load forwarding = 1 cycle after store's or load's agen.
	* Note: A store searches the L1$ at commit. The store is released
	* from the SQ and window, whether it hits or misses. Store misses
	* are buffered until the block is allocated and the store is
	* performed in the L1$. While buffered, conflicting loads get
	* the store's data as they would from the SQ.
I$: 128 KB, 8-way set-assoc., 64B block size
L1$: 128 KB, 8-way set-assoc., 64B block size, 3-cycle search latency
L2$: 4 MB, 8-way set-assoc., 64B block size, 12-cycle search latency
L3$: 32 MB, 16-way set-assoc., 128B block size, 50-cycle search latency
Main Memory: 150-cycle fixed search time
---------------------------STORE QUEUE MEASUREMENTS (Full Simulation i.e. Counts Not Reset When Warmup Ends)---------------------------
Number of loads: 18126583
Number of loads that miss in SQ: 12836322 (70.81%)
Number of PFs issued to the memory system 1574279
---------------------------------------------------------------------------------------------------------------------------------------
------------------------MEMORY HIERARCHY MEASUREMENTS (Full Simulation i.e. Counts Not Reset When Warmup Ends)-------------------------
I$:
	accesses   = 68678744
	misses     = 47310
	miss ratio = 0.07%
	pf accesses   = 0
	pf misses     = 0
	pf miss ratio = nan%
L1$:
	accesses   = 27658271
	misses     = 342314
	miss ratio = 1.24%
	pf accesses   = 1574279
	pf misses     = 122442
	pf miss ratio = 7.78%
L2$:
	accesses   = 389624
	misses     = 56982
	miss ratio = 14.62%
	pf accesses   = 122442
	pf misses     = 10629
	pf miss ratio = 8.68%
L3$:
	accesses   = 56982
	misses     = 34643
	miss ratio = 60.80%
	pf accesses   = 10629
	pf misses     = 5233
	pf miss ratio = 49.23%
---------------------------------------------------------------------------------------------------------------------------------------
----------------------------------------------Prefetcher (Full Simulation i.e. No Warmup)----------------------------------------------
Num Trainings :18126583
Num Prefetches generated :1580502
Num Prefetches issued :3659993
Num Prefetches filtered by PF queue :99107
Num untimely prefetches dropped from PF queue :6223
Num prefetches not issued LDST contention :2085714
Num prefetches not issued stride 0 :4348694
---------------------------------------------------------------------------------------------------------------------------------------

-------------------------------ILP LIMIT STUDY (Full Simulation i.e. Counts Not Reset When Warmup Ends)--------------------------------
instructions = 60000051
cycles       = 16905877
CycWP        = 4843262
IPC          = 3.5491

---------------------------------------------------------------------------------------------------------------------------------------

-----------------------------------------------BRANCH PREDICTION MEASUREMENTS (Full Simulation i.e. Counts Not Reset When Warmup Ends)----------------------------------------------
Type                   NumBr     MispBr        mr     mpki
CondDirect          9561405     147142   1.5389%   2.4524
JumpDirect          1957277          0   0.0000%   0.0000
JumpIndirect         445245          0   0.0000%   0.0000
JumpReturn           908136          0   0.0000%   0.0000
Not control        55806681          0   0.0000%   0.0000
------------------------------------------------------------------------------------------------------------------------------------------------------------------------------------

------------------------------------------------------DIRECT CONDITIONAL BRANCH PREDICTION MEASUREMENTS (Last 10M instructions)-----------------------------------------------------
       Instr       Cycles      IPC      NumBr     MispBr BrPerCyc MispBrPerCyc        MR     MPKI      CycWP   CycWPAvg   CycWPPKI
    10000051      2514535   3.9769    1668734      26554   0.6636       0.0106   1.5913%   2.6554     758645    28.5699    75.8641
------------------------------------------------------------------------------------------------------------------------------------------------------------------------------------

------------------------------------------------------DIRECT CONDITIONAL BRANCH PREDICTION MEASUREMENTS (Last 25M instructions)-----------------------------------------------------
       Instr       Cycles      IPC      NumBr     MispBr BrPerCyc MispBrPerCyc        MR     MPKI      CycWP   CycWPAvg   CycWPPKI
    25000051      5691133   4.3928    4043110      55822   0.7104       0.0098   1.3807%   2.2329    1573505    28.1879    62.9401
-------------------------------------------------------------------------------------------------------------------------------------------------------------------------------------

---------------------------------------------------------DIRECT CONDITIONAL BRANCH PREDICTION MEASUREMENTS (50 Perc instructions)---------------------------------------------------
       Instr       Cycles      IPC      NumBr     MispBr BrPerCyc MispBrPerCyc        MR     MPKI      CycWP   CycWPAvg   CycWPPKI
    30000051      6927690   4.3305    4877083      69413   0.7040       0.0100   1.4232%   2.3138    1972224    28.4129    65.7407
------------------------------------------------------------------------------------------------------------------------------------------------------------------------------------

-------------------------------------DIRECT CONDITIONAL BRANCH PREDICTION MEASUREMENTS (Full Simulation i.e. Counts Not Reset When Warmup Ends)-------------------------------------
       Instr       Cycles      IPC      NumBr     MispBr BrPerCyc MispBrPerCyc        MR     MPKI      CycWP   CycWPAvg   CycWPPKI
    60000051     16905877   3.5491    9561405     147142   0.5656       0.0087   1.5389%   2.4524    4843262    32.9156    80.7210
------------------------------------------------------------------------------------------------------------------------------------------------------------------------------------
 Read 60000051 instrs 

ExecTime = 444.0267996788025
