CMD:"D:\uv\advarc2\cbp2025\cbp.exe" "D:\uv\advarc2\data\branch\int\int_22_trace.gz"
5000000 instrs 
10000000 instrs 
15000000 instrs 
20000000 instrs 
25000000 instrs 
30000000 instrs 
35000000 instrs 
40000000 instrs 
EOF
WINDOW_SIZE = 1024
FETCH_WIDTH = 16
FETCH_NUM_BRANCH = 16
FETCH_STOP_AT_INDIRECT = 1
FETCH_STOP_AT_TAKEN = 1
FETCH_MODEL_ICACHE = 1
PERFECT_BRANCH_PRED = 0
PERFECT_INDIRECT_PRED = 1
PIPELINE_FILL_LATENCY = 10
NUM_LDST_LANES = 8
NUM_ALU_LANES = 16
MEMORY HIERARCHY CONFIGURATION---------------------
STRIDE Prefetcher = 1
PERFECT_CACHE = 0
WRITE_ALLOCATE = 1
Within-pipeline factors:
	AGEN latency = 1 cycle
	Store Queue (SQ): SQ size = window size, oracle memory disambiguation, store-load forwarding = 1 cycle after store's or load's agen.
	* Note: A store searches the L1$ at commit. The store is released
	* from the SQ and window, whether it hits or misses. Store misses
	* are buffered until the block is allocated and the store is
	* performed in the L1$. While buffered, conflicting loads get
	* the store's data as they would from the SQ.
I$: 128 KB, 8-way set-assoc., 64B block size
L1$: 128 KB, 8-way set-assoc., 64B block size, 3-cycle search latency
L2$: 4 MB, 8-way set-assoc., 64B block size, 12-cycle search latency
L3$: 32 MB, 16-way set-assoc., 128B block size, 50-cycle search latency
Main Memory: 150-cycle fixed search time
---------------------------STORE QUEUE MEASUREMENTS (Full Simulation i.e. Counts Not Reset When Warmup Ends)---------------------------
Number of loads: 15380219
Number of loads that miss in SQ: 15039702 (97.79%)
Number of PFs issued to the memory system 11385458
---------------------------------------------------------------------------------------------------------------------------------------
------------------------MEMORY HIERARCHY MEASUREMENTS (Full Simulation i.e. Counts Not Reset When Warmup Ends)-------------------------
I$:
	accesses   = 42761433
	misses     = 53
	miss ratio = 0.00%
	pf accesses   = 0
	pf misses     = 0
	pf miss ratio = nan%
L1$:
	accesses   = 19499495
	misses     = 514478
	miss ratio = 2.64%
	pf accesses   = 11385458
	pf misses     = 6534788
	pf miss ratio = 57.40%
L2$:
	accesses   = 514531
	misses     = 464499
	miss ratio = 90.28%
	pf accesses   = 6534788
	pf misses     = 25538
	pf miss ratio = 0.39%
L3$:
	accesses   = 464499
	misses     = 239377
	miss ratio = 51.53%
	pf accesses   = 25538
	pf misses     = 17723
	pf miss ratio = 69.40%
---------------------------------------------------------------------------------------------------------------------------------------
----------------------------------------------Prefetcher (Full Simulation i.e. No Warmup)----------------------------------------------
Num Trainings :15380219
Num Prefetches generated :11396032
Num Prefetches issued :12623456
Num Prefetches filtered by PF queue :51698
Num untimely prefetches dropped from PF queue :10574
Num prefetches not issued LDST contention :1237998
Num prefetches not issued stride 0 :2405384
---------------------------------------------------------------------------------------------------------------------------------------

-------------------------------ILP LIMIT STUDY (Full Simulation i.e. Counts Not Reset When Warmup Ends)--------------------------------
instructions = 40000052
cycles       = 23839224
CycWP        = 16416641
IPC          = 1.6779

---------------------------------------------------------------------------------------------------------------------------------------

-----------------------------------------------BRANCH PREDICTION MEASUREMENTS (Full Simulation i.e. Counts Not Reset When Warmup Ends)----------------------------------------------
Type                   NumBr     MispBr        mr     mpki
CondDirect          6671960     215157   3.2248%   5.3789
JumpDirect           223487          0   0.0000%   0.0000
JumpIndirect              2          0   0.0000%   0.0000
JumpReturn              868          0   0.0000%   0.0000
Not control        35865116          0   0.0000%   0.0000
------------------------------------------------------------------------------------------------------------------------------------------------------------------------------------

------------------------------------------------------DIRECT CONDITIONAL BRANCH PREDICTION MEASUREMENTS (Last 10M instructions)-----------------------------------------------------
       Instr       Cycles      IPC      NumBr     MispBr BrPerCyc MispBrPerCyc        MR     MPKI      CycWP   CycWPAvg   CycWPPKI
    10000052      5922935   1.6884    1666898      51593   0.2814       0.0087   3.0952%   5.1593    4070906    78.9042   407.0885
------------------------------------------------------------------------------------------------------------------------------------------------------------------------------------

------------------------------------------------------DIRECT CONDITIONAL BRANCH PREDICTION MEASUREMENTS (Last 25M instructions)-----------------------------------------------------
       Instr       Cycles      IPC      NumBr     MispBr BrPerCyc MispBrPerCyc        MR     MPKI      CycWP   CycWPAvg   CycWPPKI
    25000052     14825480   1.6863    4144749     135097   0.2796       0.0091   3.2595%   5.4039   10237383    75.7780   409.4945
-------------------------------------------------------------------------------------------------------------------------------------------------------------------------------------

---------------------------------------------------------DIRECT CONDITIONAL BRANCH PREDICTION MEASUREMENTS (50 Perc instructions)---------------------------------------------------
       Instr       Cycles      IPC      NumBr     MispBr BrPerCyc MispBrPerCyc        MR     MPKI      CycWP   CycWPAvg   CycWPPKI
    20000052     11869324   1.6850    3314359     108402   0.2792       0.0091   3.2707%   5.4201    8200615    75.6500   410.0297
------------------------------------------------------------------------------------------------------------------------------------------------------------------------------------

-------------------------------------DIRECT CONDITIONAL BRANCH PREDICTION MEASUREMENTS (Full Simulation i.e. Counts Not Reset When Warmup Ends)-------------------------------------
       Instr       Cycles      IPC      NumBr     MispBr BrPerCyc MispBrPerCyc        MR     MPKI      CycWP   CycWPAvg   CycWPPKI
    40000052     23839224   1.6779    6671960     215157   0.2799       0.0090   3.2248%   5.3789   16416641    76.3008   410.4155
------------------------------------------------------------------------------------------------------------------------------------------------------------------------------------
 Read 40000052 instrs 

ExecTime = 351.96089792251587
