CMD:"D:\uv\advarc2\cbp2025\cbp.exe" "D:\uv\advarc2\data\branch\web\web_22_trace.gz"
5000000 instrs 
10000000 instrs 
15000000 instrs 
20000000 instrs 
EOF
WINDOW_SIZE = 1024
FETCH_WIDTH = 16
FETCH_NUM_BRANCH = 16
FETCH_STOP_AT_INDIRECT = 1
FETCH_STOP_AT_TAKEN = 1
FETCH_MODEL_ICACHE = 1
PERFECT_BRANCH_PRED = 0
PERFECT_INDIRECT_PRED = 1
PIPELINE_FILL_LATENCY = 10
NUM_LDST_LANES = 8
NUM_ALU_LANES = 16
MEMORY HIERARCHY CONFIGURATION---------------------
STRIDE Prefetcher = 1
PERFECT_CACHE = 0
WRITE_ALLOCATE = 1
Within-pipeline factors:
	AGEN latency = 1 cycle
	Store Queue (SQ): SQ size = window size, oracle memory disambiguation, store-load forwarding = 1 cycle after store's or load's agen.
	* Note: A store searches the L1$ at commit. The store is released
	* from the SQ and window, whether it hits or misses. Store misses
	* are buffered until the block is allocated and the store is
	* performed in the L1$. While buffered, conflicting loads get
	* the store's data as they would from the SQ.
I$: 128 KB, 8-way set-assoc., 64B block size
L1$: 128 KB, 8-way set-assoc., 64B block size, 3-cycle search latency
L2$: 4 MB, 8-way set-assoc., 64B block size, 12-cycle search latency
L3$: 32 MB, 16-way set-assoc., 128B block size, 50-cycle search latency
Main Memory: 150-cycle fixed search time
---------------------------STORE QUEUE MEASUREMENTS (Full Simulation i.e. Counts Not Reset When Warmup Ends)---------------------------
Number of loads: 4913506
Number of loads that miss in SQ: 4102271 (83.49%)
Number of PFs issued to the memory system 662546
---------------------------------------------------------------------------------------------------------------------------------------
------------------------MEMORY HIERARCHY MEASUREMENTS (Full Simulation i.e. Counts Not Reset When Warmup Ends)-------------------------
I$:
	accesses   = 20795264
	misses     = 11781
	miss ratio = 0.06%
	pf accesses   = 0
	pf misses     = 0
	pf miss ratio = nan%
L1$:
	accesses   = 6247778
	misses     = 24378
	miss ratio = 0.39%
	pf accesses   = 662546
	pf misses     = 1135
	pf miss ratio = 0.17%
L2$:
	accesses   = 36159
	misses     = 26317
	miss ratio = 72.78%
	pf accesses   = 1135
	pf misses     = 683
	pf miss ratio = 60.18%
L3$:
	accesses   = 26317
	misses     = 14652
	miss ratio = 55.68%
	pf accesses   = 683
	pf misses     = 403
	pf miss ratio = 59.00%
---------------------------------------------------------------------------------------------------------------------------------------
----------------------------------------------Prefetcher (Full Simulation i.e. No Warmup)----------------------------------------------
Num Trainings :4913506
Num Prefetches generated :662664
Num Prefetches issued :1247125
Num Prefetches filtered by PF queue :26749
Num untimely prefetches dropped from PF queue :118
Num prefetches not issued LDST contention :584579
Num prefetches not issued stride 0 :1921170
---------------------------------------------------------------------------------------------------------------------------------------

-------------------------------ILP LIMIT STUDY (Full Simulation i.e. Counts Not Reset When Warmup Ends)--------------------------------
instructions = 20000051
cycles       = 5996928
CycWP        = 3004745
IPC          = 3.3350

---------------------------------------------------------------------------------------------------------------------------------------

-----------------------------------------------BRANCH PREDICTION MEASUREMENTS (Full Simulation i.e. Counts Not Reset When Warmup Ends)----------------------------------------------
Type                   NumBr     MispBr        mr     mpki
CondDirect          2417352      66589   2.7546%   3.3294
JumpDirect           118401          0   0.0000%   0.0000
JumpIndirect           6535          0   0.0000%   0.0000
JumpReturn            38360          0   0.0000%   0.0000
Not control        18214616          0   0.0000%   0.0000
------------------------------------------------------------------------------------------------------------------------------------------------------------------------------------

------------------------------------------------------DIRECT CONDITIONAL BRANCH PREDICTION MEASUREMENTS (Last 10M instructions)-----------------------------------------------------
       Instr       Cycles      IPC      NumBr     MispBr BrPerCyc MispBrPerCyc        MR     MPKI      CycWP   CycWPAvg   CycWPPKI
    10000051      2646120   3.7791    1222376      30926   0.4620       0.0117   2.5300%   3.0926    1442224    46.6347   144.2217
------------------------------------------------------------------------------------------------------------------------------------------------------------------------------------

------------------------------------------------------DIRECT CONDITIONAL BRANCH PREDICTION MEASUREMENTS (Last 25M instructions)-----------------------------------------------------
       Instr       Cycles      IPC      NumBr     MispBr BrPerCyc MispBrPerCyc        MR     MPKI      CycWP   CycWPAvg   CycWPPKI
    20000051      5996928   3.3350    2417352      66589   0.4031       0.0111   2.7546%   3.3294    3004745    45.1237   150.2369
-------------------------------------------------------------------------------------------------------------------------------------------------------------------------------------

---------------------------------------------------------DIRECT CONDITIONAL BRANCH PREDICTION MEASUREMENTS (50 Perc instructions)---------------------------------------------------
       Instr       Cycles      IPC      NumBr     MispBr BrPerCyc MispBrPerCyc        MR     MPKI      CycWP   CycWPAvg   CycWPPKI
    10000051      2646120   3.7791    1222376      30926   0.4620       0.0117   2.5300%   3.0926    1442224    46.6347   144.2217
------------------------------------------------------------------------------------------------------------------------------------------------------------------------------------

-------------------------------------DIRECT CONDITIONAL BRANCH PREDICTION MEASUREMENTS (Full Simulation i.e. Counts Not Reset When Warmup Ends)-------------------------------------
       Instr       Cycles      IPC      NumBr     MispBr BrPerCyc MispBrPerCyc        MR     MPKI      CycWP   CycWPAvg   CycWPPKI
    20000051      5996928   3.3350    2417352      66589   0.4031       0.0111   2.7546%   3.3294    3004745    45.1237   150.2369
------------------------------------------------------------------------------------------------------------------------------------------------------------------------------------
 Read 20000051 instrs 

ExecTime = 101.19902014732361
